<?xml version="1.0" encoding="UTF-8"?>
<testsuite xmlns:xsi="http://www.w3.org/2001/XMLSchema-instance" xsi:noNamespaceSchemaLocation="https://maven.apache.org/surefire/maven-surefire-plugin/xsd/surefire-test-report.xsd" name="edu.zut.cs.software.sun.Warehouse.dao.ShelvesDaoTest" time="0.004" tests="1" errors="1" skipped="0" failures="0">
  <properties>
    <property name="sun.desktop" value="windows"/>
    <property name="awt.toolkit" value="sun.awt.windows.WToolkit"/>
    <property name="java.specification.version" value="10"/>
    <property name="file.encoding.pkg" value="sun.io"/>
    <property name="sun.cpu.isalist" value="amd64"/>
    <property name="sun.jnu.encoding" value="GBK"/>
    <property name="java.class.path" value="D:\c++项目\moon\moon-dao\target\test-classes;D:\c++项目\moon\moon-dao\target\classes;D:\c++项目\moon\moon-base\target\classes;D:\Java\Repo\org\hibernate\hibernate-core\5.2.16.Final\hibernate-core-5.2.16.Final.jar;D:\Java\Repo\org\hibernate\javax\persistence\hibernate-jpa-2.1-api\1.0.0.Final\hibernate-jpa-2.1-api-1.0.0.Final.jar;D:\Java\Repo\org\javassist\javassist\3.22.0-GA\javassist-3.22.0-GA.jar;D:\Java\Repo\antlr\antlr\2.7.7\antlr-2.7.7.jar;D:\Java\Repo\org\jboss\jandex\2.0.3.Final\jandex-2.0.3.Final.jar;D:\Java\Repo\com\fasterxml\classmate\1.3.0\classmate-1.3.0.jar;D:\Java\Repo\dom4j\dom4j\1.6.1\dom4j-1.6.1.jar;D:\Java\Repo\org\apache\commons\commons-lang3\3.7\commons-lang3-3.7.jar;D:\Java\Repo\com\fasterxml\jackson\core\jackson-core\2.9.5\jackson-core-2.9.5.jar;D:\Java\Repo\com\fasterxml\jackson\core\jackson-annotations\2.9.5\jackson-annotations-2.9.5.jar;D:\Java\Repo\com\fasterxml\jackson\core\jackson-databind\2.9.5\jackson-databind-2.9.5.jar;D:\Java\Repo\commons-dbcp\commons-dbcp\1.4\commons-dbcp-1.4.jar;D:\Java\Repo\commons-pool\commons-pool\1.5.4\commons-pool-1.5.4.jar;D:\Java\Repo\aopalliance\aopalliance\1.0\aopalliance-1.0.jar;D:\Java\Repo\org\aspectj\aspectjrt\1.9.1\aspectjrt-1.9.1.jar;D:\Java\Repo\org\springframework\spring-aspects\5.0.6.RELEASE\spring-aspects-5.0.6.RELEASE.jar;D:\Java\Repo\org\springframework\spring-aop\5.0.6.RELEASE\spring-aop-5.0.6.RELEASE.jar;D:\Java\Repo\javax\xml\bind\jaxb-api\2.3.0\jaxb-api-2.3.0.jar;D:\Java\Repo\org\hibernate\hibernate-entitymanager\5.4.2.Final\hibernate-entitymanager-5.4.2.Final.jar;D:\Java\Repo\org\jboss\logging\jboss-logging\3.3.2.Final\jboss-logging-3.3.2.Final.jar;D:\Java\Repo\org\dom4j\dom4j\2.1.1\dom4j-2.1.1.jar;D:\Java\Repo\org\hibernate\common\hibernate-commons-annotations\5.1.0.Final\hibernate-commons-annotations-5.1.0.Final.jar;D:\Java\Repo\javax\persistence\javax.persistence-api\2.2\javax.persistence-api-2.2.jar;D:\Java\Repo\net\bytebuddy\byte-buddy\1.9.10\byte-buddy-1.9.10.jar;D:\Java\Repo\org\jboss\spec\javax\transaction\jboss-transaction-api_1.2_spec\1.1.1.Final\jboss-transaction-api_1.2_spec-1.1.1.Final.jar;D:\Java\Repo\org\apache\commons\commons-dbcp2\2.6.0\commons-dbcp2-2.6.0.jar;D:\Java\Repo\org\apache\commons\commons-pool2\2.6.1\commons-pool2-2.6.1.jar;D:\Java\Repo\commons-logging\commons-logging\1.2\commons-logging-1.2.jar;D:\Java\Repo\mysql\mysql-connector-java\8.0.15\mysql-connector-java-8.0.15.jar;D:\Java\Repo\com\google\protobuf\protobuf-java\3.6.1\protobuf-java-3.6.1.jar;D:\Java\Repo\org\springframework\spring-webmvc\5.1.5.RELEASE\spring-webmvc-5.1.5.RELEASE.jar;D:\Java\Repo\org\springframework\spring-beans\5.1.5.RELEASE\spring-beans-5.1.5.RELEASE.jar;D:\Java\Repo\org\springframework\spring-context\5.1.5.RELEASE\spring-context-5.1.5.RELEASE.jar;D:\Java\Repo\org\springframework\spring-core\5.1.5.RELEASE\spring-core-5.1.5.RELEASE.jar;D:\Java\Repo\org\springframework\spring-jcl\5.1.5.RELEASE\spring-jcl-5.1.5.RELEASE.jar;D:\Java\Repo\org\springframework\spring-expression\5.1.5.RELEASE\spring-expression-5.1.5.RELEASE.jar;D:\Java\Repo\org\springframework\spring-web\5.1.5.RELEASE\spring-web-5.1.5.RELEASE.jar;D:\Java\Repo\org\springframework\data\spring-data-jpa\2.1.5.RELEASE\spring-data-jpa-2.1.5.RELEASE.jar;D:\Java\Repo\org\springframework\data\spring-data-commons\2.1.5.RELEASE\spring-data-commons-2.1.5.RELEASE.jar;D:\Java\Repo\org\springframework\spring-orm\5.1.5.RELEASE\spring-orm-5.1.5.RELEASE.jar;D:\Java\Repo\org\springframework\spring-jdbc\5.1.5.RELEASE\spring-jdbc-5.1.5.RELEASE.jar;D:\Java\Repo\org\springframework\spring-tx\5.1.5.RELEASE\spring-tx-5.1.5.RELEASE.jar;D:\Java\Repo\org\apache\logging\log4j\log4j-api\2.11.0\log4j-api-2.11.0.jar;D:\Java\Repo\org\apache\logging\log4j\log4j-core\2.11.0\log4j-core-2.11.0.jar;D:\Java\Repo\org\slf4j\slf4j-api\1.7.5\slf4j-api-1.7.5.jar;D:\Java\Repo\org\slf4j\slf4j-log4j12\1.7.5\slf4j-log4j12-1.7.5.jar;D:\Java\Repo\log4j\log4j\1.2.17\log4j-1.2.17.jar;D:\Java\Repo\junit\junit\4.12\junit-4.12.jar;D:\Java\Repo\org\hamcrest\hamcrest-core\1.3\hamcrest-core-1.3.jar;D:\Java\Repo\org\springframework\spring-test\5.1.5.RELEASE\spring-test-5.1.5.RELEASE.jar;D:\Java\Repo\org\aspectj\aspectjweaver\1.8.13\aspectjweaver-1.8.13.jar;"/>
    <property name="java.vm.vendor" value="&quot;Oracle Corporation&quot;"/>
    <property name="sun.arch.data.model" value="64"/>
    <property name="user.variant" value=""/>
    <property name="java.vendor.url" value="http://java.oracle.com/"/>
    <property name="user.timezone" value=""/>
    <property name="java.vm.specification.version" value="10"/>
    <property name="os.name" value="Windows 10"/>
    <property name="sun.java.launcher" value="SUN_STANDARD"/>
    <property name="user.country" value="CN"/>
    <property name="sun.boot.library.path" value="D:\Java\JDK\jdk-10.0.2\bin"/>
    <property name="sun.java.command" value="C:\Users\LENOVO\AppData\Local\Temp\surefire5495195462224899552\surefirebooter6889472779996244815.jar C:\Users\LENOVO\AppData\Local\Temp\surefire5495195462224899552 2019-06-22T19-40-41_394-jvmRun1 surefire2250711829711409952tmp surefire_016193256063777335758tmp"/>
    <property name="jdk.debug" value="release"/>
    <property name="surefire.test.class.path" value="D:\c++项目\moon\moon-dao\target\test-classes;D:\c++项目\moon\moon-dao\target\classes;D:\c++项目\moon\moon-base\target\classes;D:\Java\Repo\org\hibernate\hibernate-core\5.2.16.Final\hibernate-core-5.2.16.Final.jar;D:\Java\Repo\org\hibernate\javax\persistence\hibernate-jpa-2.1-api\1.0.0.Final\hibernate-jpa-2.1-api-1.0.0.Final.jar;D:\Java\Repo\org\javassist\javassist\3.22.0-GA\javassist-3.22.0-GA.jar;D:\Java\Repo\antlr\antlr\2.7.7\antlr-2.7.7.jar;D:\Java\Repo\org\jboss\jandex\2.0.3.Final\jandex-2.0.3.Final.jar;D:\Java\Repo\com\fasterxml\classmate\1.3.0\classmate-1.3.0.jar;D:\Java\Repo\dom4j\dom4j\1.6.1\dom4j-1.6.1.jar;D:\Java\Repo\org\apache\commons\commons-lang3\3.7\commons-lang3-3.7.jar;D:\Java\Repo\com\fasterxml\jackson\core\jackson-core\2.9.5\jackson-core-2.9.5.jar;D:\Java\Repo\com\fasterxml\jackson\core\jackson-annotations\2.9.5\jackson-annotations-2.9.5.jar;D:\Java\Repo\com\fasterxml\jackson\core\jackson-databind\2.9.5\jackson-databind-2.9.5.jar;D:\Java\Repo\commons-dbcp\commons-dbcp\1.4\commons-dbcp-1.4.jar;D:\Java\Repo\commons-pool\commons-pool\1.5.4\commons-pool-1.5.4.jar;D:\Java\Repo\aopalliance\aopalliance\1.0\aopalliance-1.0.jar;D:\Java\Repo\org\aspectj\aspectjrt\1.9.1\aspectjrt-1.9.1.jar;D:\Java\Repo\org\springframework\spring-aspects\5.0.6.RELEASE\spring-aspects-5.0.6.RELEASE.jar;D:\Java\Repo\org\springframework\spring-aop\5.0.6.RELEASE\spring-aop-5.0.6.RELEASE.jar;D:\Java\Repo\javax\xml\bind\jaxb-api\2.3.0\jaxb-api-2.3.0.jar;D:\Java\Repo\org\hibernate\hibernate-entitymanager\5.4.2.Final\hibernate-entitymanager-5.4.2.Final.jar;D:\Java\Repo\org\jboss\logging\jboss-logging\3.3.2.Final\jboss-logging-3.3.2.Final.jar;D:\Java\Repo\org\dom4j\dom4j\2.1.1\dom4j-2.1.1.jar;D:\Java\Repo\org\hibernate\common\hibernate-commons-annotations\5.1.0.Final\hibernate-commons-annotations-5.1.0.Final.jar;D:\Java\Repo\javax\persistence\javax.persistence-api\2.2\javax.persistence-api-2.2.jar;D:\Java\Repo\net\bytebuddy\byte-buddy\1.9.10\byte-buddy-1.9.10.jar;D:\Java\Repo\org\jboss\spec\javax\transaction\jboss-transaction-api_1.2_spec\1.1.1.Final\jboss-transaction-api_1.2_spec-1.1.1.Final.jar;D:\Java\Repo\org\apache\commons\commons-dbcp2\2.6.0\commons-dbcp2-2.6.0.jar;D:\Java\Repo\org\apache\commons\commons-pool2\2.6.1\commons-pool2-2.6.1.jar;D:\Java\Repo\commons-logging\commons-logging\1.2\commons-logging-1.2.jar;D:\Java\Repo\mysql\mysql-connector-java\8.0.15\mysql-connector-java-8.0.15.jar;D:\Java\Repo\com\google\protobuf\protobuf-java\3.6.1\protobuf-java-3.6.1.jar;D:\Java\Repo\org\springframework\spring-webmvc\5.1.5.RELEASE\spring-webmvc-5.1.5.RELEASE.jar;D:\Java\Repo\org\springframework\spring-beans\5.1.5.RELEASE\spring-beans-5.1.5.RELEASE.jar;D:\Java\Repo\org\springframework\spring-context\5.1.5.RELEASE\spring-context-5.1.5.RELEASE.jar;D:\Java\Repo\org\springframework\spring-core\5.1.5.RELEASE\spring-core-5.1.5.RELEASE.jar;D:\Java\Repo\org\springframework\spring-jcl\5.1.5.RELEASE\spring-jcl-5.1.5.RELEASE.jar;D:\Java\Repo\org\springframework\spring-expression\5.1.5.RELEASE\spring-expression-5.1.5.RELEASE.jar;D:\Java\Repo\org\springframework\spring-web\5.1.5.RELEASE\spring-web-5.1.5.RELEASE.jar;D:\Java\Repo\org\springframework\data\spring-data-jpa\2.1.5.RELEASE\spring-data-jpa-2.1.5.RELEASE.jar;D:\Java\Repo\org\springframework\data\spring-data-commons\2.1.5.RELEASE\spring-data-commons-2.1.5.RELEASE.jar;D:\Java\Repo\org\springframework\spring-orm\5.1.5.RELEASE\spring-orm-5.1.5.RELEASE.jar;D:\Java\Repo\org\springframework\spring-jdbc\5.1.5.RELEASE\spring-jdbc-5.1.5.RELEASE.jar;D:\Java\Repo\org\springframework\spring-tx\5.1.5.RELEASE\spring-tx-5.1.5.RELEASE.jar;D:\Java\Repo\org\apache\logging\log4j\log4j-api\2.11.0\log4j-api-2.11.0.jar;D:\Java\Repo\org\apache\logging\log4j\log4j-core\2.11.0\log4j-core-2.11.0.jar;D:\Java\Repo\org\slf4j\slf4j-api\1.7.5\slf4j-api-1.7.5.jar;D:\Java\Repo\org\slf4j\slf4j-log4j12\1.7.5\slf4j-log4j12-1.7.5.jar;D:\Java\Repo\log4j\log4j\1.2.17\log4j-1.2.17.jar;D:\Java\Repo\junit\junit\4.12\junit-4.12.jar;D:\Java\Repo\org\hamcrest\hamcrest-core\1.3\hamcrest-core-1.3.jar;D:\Java\Repo\org\springframework\spring-test\5.1.5.RELEASE\spring-test-5.1.5.RELEASE.jar;D:\Java\Repo\org\aspectj\aspectjweaver\1.8.13\aspectjweaver-1.8.13.jar;"/>
    <property name="sun.cpu.endian" value="little"/>
    <property name="user.home" value="C:\Users\LENOVO"/>
    <property name="user.language" value="zh"/>
    <property name="java.specification.vendor" value="Oracle Corporation"/>
    <property name="java.version.date" value="2018-07-17"/>
    <property name="java.home" value="D:\Java\JDK\jdk-10.0.2"/>
    <property name="file.separator" value="\"/>
    <property name="basedir" value="D:\c++项目\moon\moon-dao"/>
    <property name="java.vm.compressedOopsMode" value="32-bit"/>
    <property name="line.separator" value="&#10;"/>
    <property name="java.specification.name" value="Java Platform API Specification"/>
    <property name="java.vm.specification.vendor" value="Oracle Corporation"/>
    <property name="java.awt.graphicsenv" value="sun.awt.Win32GraphicsEnvironment"/>
    <property name="surefire.real.class.path" value="C:\Users\LENOVO\AppData\Local\Temp\surefire5495195462224899552\surefirebooter6889472779996244815.jar"/>
    <property name="user.script" value=""/>
    <property name="sun.management.compiler" value="HotSpot 64-Bit Tiered Compilers"/>
    <property name="java.runtime.version" value="10.0.2+13"/>
    <property name="user.name" value="LENOVO"/>
    <property name="path.separator" value=";"/>
    <property name="os.version" value="10.0"/>
    <property name="java.runtime.name" value="Java(TM) SE Runtime Environment"/>
    <property name="file.encoding" value="GBK"/>
    <property name="java.vm.name" value="Java HotSpot(TM) 64-Bit Server VM"/>
    <property name="java.vendor.version" value="18.3"/>
    <property name="localRepository" value="D:\Java\Repo"/>
    <property name="java.vendor.url.bug" value="http://bugreport.java.com/bugreport/"/>
    <property name="java.io.tmpdir" value="C:\Users\LENOVO\AppData\Local\Temp\"/>
    <property name="java.version" value="10.0.2"/>
    <property name="user.dir" value="D:\c++项目\moon\moon-dao"/>
    <property name="os.arch" value="amd64"/>
    <property name="java.vm.specification.name" value="Java Virtual Machine Specification"/>
    <property name="java.awt.printerjob" value="sun.awt.windows.WPrinterJob"/>
    <property name="sun.os.patch.level" value=""/>
    <property name="java.library.path" value="D:\Java\JDK\jdk-10.0.2\bin;C:\WINDOWS\Sun\Java\bin;C:\WINDOWS\system32;C:\WINDOWS;D:\Java\JDK\jdk-10.0.2\bin;D:\Java\JDK\jre-10.0.2;D:\Java\apache-maven-3.6.0\bin\;C:\Program Files (x86)\Common Files\Oracle\Java\javapath;C:\Program Files (x86)\Common Files\Oracle\Java\javapath;C:\Windows\system32;C:\Windows;C:\Windows\System32\Wbem;C:\Windows\System32\WindowsPowerShell\v1.0\;C:\Program Files (x86)\NVIDIA Corporation\PhysX\Common;C:\WINDOWS\system32;C:\WINDOWS;C:\WINDOWS\System32\Wbem;C:\WINDOWS\System32\WindowsPowerShell\v1.0\;C:\WINDOWS\System32\OpenSSH\;D:\Java\apache-tomcat-8.5.42\bin;D:\Java\apache-tomcat-8.5.42\lib;D:\Java\mysql-8.0.15-winx64\bin;D:\Java\Git\cmd;C:\Program Files\Microsoft SQL Server\120\DTS\Binn\;C:\Program Files\Microsoft SQL Server\Client SDK\ODBC\110\Tools\Binn\;C:\Program Files (x86)\Microsoft SQL Server\120\Tools\Binn\;C:\Program Files\Microsoft SQL Server\120\Tools\Binn\;C:\Program Files (x86)\Microsoft SQL Server\120\Tools\Binn\ManagementStudio\;C:\Program Files (x86)\Microsoft SQL Server\120\DTS\Binn\;C:\Program Files\MySQL\MySQL Server 5.7\bin;D:\Java\Node.js\;C:\Users\LENOVO\AppData\Local\Microsoft\WindowsApps;D:\Java\IntelliJ IDEA 2018.3.5\bin;;C:\Users\LENOVO\AppData\Roaming\npm;D:\Java\Node.js;;."/>
    <property name="java.vendor" value="Oracle Corporation"/>
    <property name="java.vm.info" value="mixed mode"/>
    <property name="java.vm.version" value="10.0.2+13"/>
    <property name="sun.io.unicode.encoding" value="UnicodeLittle"/>
    <property name="java.class.version" value="54.0"/>
  </properties>
  <testcase name="initializationError" classname="edu.zut.cs.software.sun.Warehouse.dao.ShelvesDaoTest" time="0">
    <error message="No runnable methods" type="java.lang.Exception">java.lang.Exception: No runnable methods
</error>
  </testcase>
</testsuite>